2025-03-26 11:16:11,667 INFO    MainThread:4584 [wandb_setup.py:_flush():67] Current SDK version is 0.19.7
2025-03-26 11:16:11,667 INFO    MainThread:4584 [wandb_setup.py:_flush():67] Configure stats pid to 4584
2025-03-26 11:16:11,667 INFO    MainThread:4584 [wandb_setup.py:_flush():67] Loading settings from /home/duyhoang/.config/wandb/settings
2025-03-26 11:16:11,667 INFO    MainThread:4584 [wandb_setup.py:_flush():67] Loading settings from /mnt/data1tb/thangcn/datnv2/wandb/settings
2025-03-26 11:16:11,667 INFO    MainThread:4584 [wandb_setup.py:_flush():67] Loading settings from environment variables
2025-03-26 11:16:11,667 INFO    MainThread:4584 [wandb_init.py:setup_run_log_directory():647] Logging user logs to /mnt/data1tb/thangcn/datnv2/wandb/run-20250326_111611-gsa44gn7/logs/debug.log
2025-03-26 11:16:11,668 INFO    MainThread:4584 [wandb_init.py:setup_run_log_directory():648] Logging internal logs to /mnt/data1tb/thangcn/datnv2/wandb/run-20250326_111611-gsa44gn7/logs/debug-internal.log
2025-03-26 11:16:11,668 INFO    MainThread:4584 [wandb_init.py:init():761] calling init triggers
2025-03-26 11:16:11,668 INFO    MainThread:4584 [wandb_init.py:init():766] wandb.init called with sweep_config: {}
config: {'_wandb': {}}
2025-03-26 11:16:11,668 INFO    MainThread:4584 [wandb_init.py:init():784] starting backend
2025-03-26 11:16:11,668 INFO    MainThread:4584 [wandb_init.py:init():788] sending inform_init request
2025-03-26 11:16:11,670 INFO    MainThread:4584 [backend.py:_multiprocessing_setup():97] multiprocessing start_methods=fork,spawn,forkserver, using: spawn
2025-03-26 11:16:11,670 INFO    MainThread:4584 [wandb_init.py:init():803] backend started and connected
2025-03-26 11:16:11,670 INFO    MainThread:4584 [wandb_init.py:init():896] updated telemetry
2025-03-26 11:16:11,673 INFO    MainThread:4584 [wandb_init.py:init():920] communicating run to backend with 90.0 second timeout
2025-03-26 11:16:12,214 INFO    MainThread:4584 [wandb_init.py:init():995] starting run threads in backend
2025-03-26 11:16:12,346 INFO    MainThread:4584 [wandb_run.py:_console_start():2377] atexit reg
2025-03-26 11:16:12,346 INFO    MainThread:4584 [wandb_run.py:_redirect():2227] redirect: wrap_raw
2025-03-26 11:16:12,346 INFO    MainThread:4584 [wandb_run.py:_redirect():2292] Wrapping output streams.
2025-03-26 11:16:12,346 INFO    MainThread:4584 [wandb_run.py:_redirect():2317] Redirects installed.
2025-03-26 11:16:12,347 INFO    MainThread:4584 [wandb_init.py:init():1037] run started, returning control to user process
2025-03-26 11:16:12,348 INFO    MainThread:4584 [wandb_run.py:_config_callback():1261] config_cb None None {'output_dir': '/mnt/data1tb/thangcn/datnv2/models/embed/multilingual-e5-large-v2', 'overwrite_output_dir': False, 'do_train': False, 'do_eval': True, 'do_predict': False, 'eval_strategy': 'epoch', 'prediction_loss_only': True, 'per_device_train_batch_size': 100, 'per_device_eval_batch_size': 1, 'per_gpu_train_batch_size': None, 'per_gpu_eval_batch_size': None, 'gradient_accumulation_steps': 1, 'eval_accumulation_steps': None, 'eval_delay': 0, 'torch_empty_cache_steps': None, 'learning_rate': 1e-06, 'weight_decay': 0.0, 'adam_beta1': 0.9, 'adam_beta2': 0.999, 'adam_epsilon': 1e-08, 'max_grad_norm': 1.0, 'num_train_epochs': 10, 'max_steps': -1, 'lr_scheduler_type': 'constant_with_warmup', 'lr_scheduler_kwargs': {}, 'warmup_ratio': 0.1, 'warmup_steps': 0, 'log_level': 'passive', 'log_level_replica': 'warning', 'log_on_each_node': True, 'logging_dir': '/mnt/data1tb/thangcn/datnv2/models/embed/multilingual-e5-large-v2/runs/Mar26_11-16-09_sotatek-Z590-GAMING-X', 'logging_strategy': 'steps', 'logging_first_step': False, 'logging_steps': 10, 'logging_nan_inf_filter': True, 'save_strategy': 'epoch', 'save_steps': 500, 'save_total_limit': 3, 'save_safetensors': True, 'save_on_each_node': False, 'save_only_model': False, 'restore_callback_states_from_checkpoint': False, 'no_cuda': False, 'use_cpu': False, 'use_mps_device': False, 'seed': 42, 'data_seed': None, 'jit_mode_eval': False, 'use_ipex': False, 'bf16': True, 'fp16': False, 'fp16_opt_level': 'O1', 'half_precision_backend': 'auto', 'bf16_full_eval': False, 'fp16_full_eval': False, 'tf32': False, 'local_rank': 0, 'ddp_backend': None, 'tpu_num_cores': None, 'tpu_metrics_debug': False, 'debug': [], 'dataloader_drop_last': False, 'eval_steps': None, 'dataloader_num_workers': 0, 'dataloader_prefetch_factor': None, 'past_index': -1, 'run_name': '/mnt/data1tb/thangcn/datnv2/models/embed/multilingual-e5-large-v2', 'disable_tqdm': False, 'remove_unused_columns': True, 'label_names': None, 'load_best_model_at_end': True, 'metric_for_best_model': 'eval_dim_768_cosine_ndcg@10', 'greater_is_better': True, 'ignore_data_skip': False, 'fsdp': [], 'fsdp_min_num_params': 0, 'fsdp_config': {'min_num_params': 0, 'xla': False, 'xla_fsdp_v2': False, 'xla_fsdp_grad_ckpt': False}, 'fsdp_transformer_layer_cls_to_wrap': None, 'accelerator_config': {'split_batches': False, 'dispatch_batches': None, 'even_batches': True, 'use_seedable_sampler': True, 'non_blocking': False, 'gradient_accumulation_kwargs': None}, 'deepspeed': None, 'label_smoothing_factor': 0.0, 'optim': 'adamw_torch_fused', 'optim_args': None, 'adafactor': False, 'group_by_length': False, 'length_column_name': 'length', 'report_to': ['tensorboard', 'wandb'], 'ddp_find_unused_parameters': None, 'ddp_bucket_cap_mb': None, 'ddp_broadcast_buffers': False, 'dataloader_pin_memory': True, 'dataloader_persistent_workers': False, 'skip_memory_metrics': True, 'use_legacy_prediction_loop': False, 'push_to_hub': False, 'resume_from_checkpoint': None, 'hub_model_id': None, 'hub_strategy': 'every_save', 'hub_token': '<HUB_TOKEN>', 'hub_private_repo': None, 'hub_always_push': False, 'gradient_checkpointing': False, 'gradient_checkpointing_kwargs': None, 'include_inputs_for_metrics': False, 'include_for_metrics': [], 'eval_do_concat_batches': True, 'fp16_backend': 'auto', 'evaluation_strategy': None, 'push_to_hub_model_id': None, 'push_to_hub_organization': None, 'push_to_hub_token': '<PUSH_TO_HUB_TOKEN>', 'mp_parameters': '', 'auto_find_batch_size': False, 'full_determinism': False, 'torchdynamo': None, 'ray_scope': 'last', 'ddp_timeout': 1800, 'torch_compile': False, 'torch_compile_backend': None, 'torch_compile_mode': None, 'dispatch_batches': None, 'split_batches': None, 'include_tokens_per_second': False, 'include_num_input_tokens_seen': False, 'neftune_noise_alpha': None, 'optim_target_modules': None, 'batch_eval_metrics': False, 'eval_on_start': False, 'use_liger_kernel': False, 'eval_use_gather_object': False, 'average_tokens_across_devices': False, 'prompts': None, 'batch_sampler': 'no_duplicates', 'multi_dataset_batch_sampler': 'proportional'}
2025-03-26 11:16:12,682 WARNING MsgRouterThr:4584 [router.py:message_loop():77] message_loop has been closed
Traceback (most recent call last):
  File "/home/duyhoang/.local/lib/python3.10/site-packages/wandb/sdk/interface/router_sock.py", line 28, in _read_message
    resp = self._sock_client.read_server_response(timeout=1)
  File "/home/duyhoang/.local/lib/python3.10/site-packages/wandb/sdk/lib/sock_client.py", line 285, in read_server_response
    data = self._read_packet_bytes(timeout=timeout)
  File "/home/duyhoang/.local/lib/python3.10/site-packages/wandb/sdk/lib/sock_client.py", line 270, in _read_packet_bytes
    raise SockClientClosedError
wandb.sdk.lib.sock_client.SockClientClosedError

The above exception was the direct cause of the following exception:

Traceback (most recent call last):
  File "/home/duyhoang/.local/lib/python3.10/site-packages/wandb/sdk/interface/router.py", line 70, in message_loop
    msg = self._read_message()
  File "/home/duyhoang/.local/lib/python3.10/site-packages/wandb/sdk/interface/router_sock.py", line 30, in _read_message
    raise MessageRouterClosedError from e
wandb.sdk.interface.router.MessageRouterClosedError
2025-03-26 11:16:12,683 INFO    MsgRouterThr:4584 [mailbox.py:close():115] Closing mailbox, abandoning 1 handles.
